<?xml version="1.0" encoding="UTF-8"?>
<!-- Generated by org.testng.reporters.JUnitReportReporter -->
<testsuite skipped="0" hostname="DESKTOP-66NPI4H" name="Scripts.Login" tests="1" failures="0" timestamp="2023-08-22T15:09:15 IST" time="14.202" errors="0">
  <testcase name="LaunchBrowser" time="14.202" classname="Scripts.Login"/>
  <system-out/>
</testsuite> <!-- Scripts.Login -->
